<?xml version="1.0" encoding="UTF-8"?>
<testsuite xmlns:xsi="http://www.w3.org/2001/XMLSchema-instance" xsi:noNamespaceSchemaLocation="https://maven.apache.org/surefire/maven-failsafe-plugin/xsd/failsafe-test-report.xsd" version="3.0.2" name="fr.takima.training.sampleapplication.IT.DepartmentControllerTestIT" time="35.405" tests="6" errors="0" skipped="0" failures="0">
  <properties>
[...]
</properties>
  <testcase name="testGetDepartmentStudentsByName" classname="fr.takima.training.sampleapplication.IT.DepartmentControllerTestIT" time="1.272">
    <system-out><![CDATA[
  .   ____          _            __ _ _
 /\\ / ___'_ __ _ _(_)_ __  __ _ \ \ \ \
( ( )\___ | '_ | '_| | '_ \/ _` | \ \ \ \
 \\/  ___)| |_)| | | | | || (_| |  ) ) ) )
  '  |____| .__|_| |_|_| |_\__, | / / / /
 =========|_|==============|___/=/_/_/_/

 :: Spring Boot ::                (v3.4.2)

2025-05-20T15:33:08.139-04:00  INFO 45702 --- [           main] f.t.t.s.IT.DepartmentControllerTestIT    : Starting DepartmentControllerTestIT using Java 21.0.2 with PID 45702 (started by Jochy in /Users/Jochy/Documents/Educación/EPF Engineering School/DevOps/Session 1 - Docker/backend-api)
2025-05-20T15:33:08.145-04:00  INFO 45702 --- [           main] f.t.t.s.IT.DepartmentControllerTestIT    : No active profile set, falling back to 1 default profile: "default"
2025-05-20T15:33:09.861-04:00  INFO 45702 --- [           main] .s.d.r.c.RepositoryConfigurationDelegate : Bootstrapping Spring Data JPA repositories in DEFAULT mode.
2025-05-20T15:33:09.981-04:00  INFO 45702 --- [           main] .s.d.r.c.RepositoryConfigurationDelegate : Finished Spring Data repository scanning in 95 ms. Found 2 JPA repository interfaces.
2025-05-20T15:33:11.066-04:00  INFO 45702 --- [           main] com.zaxxer.hikari.HikariDataSource       : HikariPool-1 - Starting...
2025-05-20T15:33:11.207-04:00  INFO 45702 --- [           main] org.testcontainers.images.PullPolicy     : Image pull policy will be performed by: DefaultPullPolicy()
2025-05-20T15:33:11.213-04:00  INFO 45702 --- [           main] o.t.utility.ImageNameSubstitutor         : Image name substitution will be performed by: DefaultImageNameSubstitutor (composite of 'ConfigurationFileImageNameSubstitutor' and 'PrefixingImageNameSubstitutor')
2025-05-20T15:33:11.239-04:00  INFO 45702 --- [           main] org.testcontainers.DockerClientFactory   : Testcontainers version: 1.20.4
2025-05-20T15:33:12.714-04:00  INFO 45702 --- [           main] o.t.d.DockerClientProviderStrategy       : Found Docker environment with local Unix socket (unix:///var/run/docker.sock)
2025-05-20T15:33:12.720-04:00  INFO 45702 --- [           main] org.testcontainers.DockerClientFactory   : Docker host IP address is localhost
2025-05-20T15:33:12.755-04:00  INFO 45702 --- [           main] org.testcontainers.DockerClientFactory   : Connected to docker: 
  Server Version: 28.1.1
  API Version: 1.49
  Operating System: Docker Desktop
  Total Memory: 7839 MB
  Labels: 
    com.docker.desktop.address=unix:///Users/Jochy/Library/Containers/com.docker.docker/Data/docker-cli.sock
2025-05-20T15:33:13.416-04:00  INFO 45702 --- [           main] tc.testcontainers/ryuk:0.11.0            : Pulling docker image: testcontainers/ryuk:0.11.0. Please be patient; this may take some time but only needs to be done once.
2025-05-20T15:33:15.196-04:00  INFO 45702 --- [ream--735410865] tc.testcontainers/ryuk:0.11.0            : Starting to pull image
2025-05-20T15:33:15.241-04:00  INFO 45702 --- [ream--735410865] tc.testcontainers/ryuk:0.11.0            : Pulling image layers:  0 pending,  0 downloaded,  0 extracted, (0 bytes/0 bytes)
2025-05-20T15:33:15.725-04:00  INFO 45702 --- [ream--735410865] tc.testcontainers/ryuk:0.11.0            : Pulling image layers:  2 pending,  1 downloaded,  0 extracted, (2 MB/? MB)
2025-05-20T15:33:16.025-04:00  INFO 45702 --- [ream--735410865] tc.testcontainers/ryuk:0.11.0            : Pulling image layers:  1 pending,  2 downloaded,  0 extracted, (3 MB/? MB)
2025-05-20T15:33:16.243-04:00  INFO 45702 --- [ream--735410865] tc.testcontainers/ryuk:0.11.0            : Pulling image layers:  1 pending,  2 downloaded,  1 extracted, (5 MB/? MB)
2025-05-20T15:33:16.430-04:00  INFO 45702 --- [ream--735410865] tc.testcontainers/ryuk:0.11.0            : Pulling image layers:  1 pending,  2 downloaded,  2 extracted, (8 MB/? MB)
2025-05-20T15:33:16.523-04:00  INFO 45702 --- [ream--735410865] tc.testcontainers/ryuk:0.11.0            : Pulling image layers:  0 pending,  3 downloaded,  2 extracted, (8 MB/10 MB)
2025-05-20T15:33:16.528-04:00  INFO 45702 --- [ream--735410865] tc.testcontainers/ryuk:0.11.0            : Pulling image layers:  0 pending,  3 downloaded,  3 extracted, (8 MB/10 MB)
2025-05-20T15:33:16.563-04:00  INFO 45702 --- [           main] tc.testcontainers/ryuk:0.11.0            : Image testcontainers/ryuk:0.11.0 pull took PT3.146472S
2025-05-20T15:33:16.563-04:00  INFO 45702 --- [ream--735410865] tc.testcontainers/ryuk:0.11.0            : Pull complete. 3 layers, pulled in 1s (downloaded 8 MB at 8 MB/s)
2025-05-20T15:33:16.774-04:00  INFO 45702 --- [           main] tc.testcontainers/ryuk:0.11.0            : Creating container for image: testcontainers/ryuk:0.11.0
2025-05-20T15:33:17.110-04:00  INFO 45702 --- [           main] tc.testcontainers/ryuk:0.11.0            : Container testcontainers/ryuk:0.11.0 is starting: 96b145699d4018e3a6f1338e803d564ddb7566c2e308dfec948b1694eb391d06
2025-05-20T15:33:18.158-04:00  INFO 45702 --- [           main] tc.testcontainers/ryuk:0.11.0            : Container testcontainers/ryuk:0.11.0 started in PT1.383732S
2025-05-20T15:33:18.185-04:00  INFO 45702 --- [           main] o.t.utility.RyukResourceReaper           : Ryuk started - will monitor and terminate Testcontainers containers on JVM exit
2025-05-20T15:33:18.185-04:00  INFO 45702 --- [           main] org.testcontainers.DockerClientFactory   : Checking the system...
2025-05-20T15:33:18.186-04:00  INFO 45702 --- [           main] org.testcontainers.DockerClientFactory   : ✔︎ Docker server version should be at least 1.6.0
2025-05-20T15:33:18.196-04:00  INFO 45702 --- [           main] tc.postgres:9.6.12                       : Pulling docker image: postgres:9.6.12. Please be patient; this may take some time but only needs to be done once.
2025-05-20T15:33:18.627-04:00  INFO 45702 --- [ream--401575570] tc.postgres:9.6.12                       : Starting to pull image
2025-05-20T15:33:18.629-04:00  INFO 45702 --- [ream--401575570] tc.postgres:9.6.12                       : Pulling image layers:  0 pending,  0 downloaded,  0 extracted, (0 bytes/0 bytes)
2025-05-20T15:33:18.915-04:00  INFO 45702 --- [ream--401575570] tc.postgres:9.6.12                       : Pulling image layers: 13 pending,  1 downloaded,  0 extracted, (4 KB/? MB)
2025-05-20T15:33:18.917-04:00  INFO 45702 --- [ream--401575570] tc.postgres:9.6.12                       : Pulling image layers: 12 pending,  2 downloaded,  0 extracted, (11 KB/? MB)
2025-05-20T15:33:18.918-04:00  INFO 45702 --- [ream--401575570] tc.postgres:9.6.12                       : Pulling image layers: 11 pending,  3 downloaded,  0 extracted, (11 KB/? MB)
2025-05-20T15:33:19.015-04:00  INFO 45702 --- [ream--401575570] tc.postgres:9.6.12                       : Pulling image layers: 10 pending,  4 downloaded,  0 extracted, (11 KB/? MB)
2025-05-20T15:33:19.017-04:00  INFO 45702 --- [ream--401575570] tc.postgres:9.6.12                       : Pulling image layers:  9 pending,  5 downloaded,  0 extracted, (11 KB/? MB)
2025-05-20T15:33:19.019-04:00  INFO 45702 --- [ream--401575570] tc.postgres:9.6.12                       : Pulling image layers:  8 pending,  6 downloaded,  0 extracted, (1 MB/? MB)
2025-05-20T15:33:19.020-04:00  INFO 45702 --- [ream--401575570] tc.postgres:9.6.12                       : Pulling image layers:  7 pending,  7 downloaded,  0 extracted, (1 MB/? MB)
2025-05-20T15:33:19.021-04:00  INFO 45702 --- [ream--401575570] tc.postgres:9.6.12                       : Pulling image layers:  6 pending,  8 downloaded,  0 extracted, (1 MB/? MB)
2025-05-20T15:33:19.119-04:00  INFO 45702 --- [ream--401575570] tc.postgres:9.6.12                       : Pulling image layers:  5 pending,  9 downloaded,  0 extracted, (2 MB/? MB)
2025-05-20T15:33:19.317-04:00  INFO 45702 --- [ream--401575570] tc.postgres:9.6.12                       : Pulling image layers:  4 pending, 10 downloaded,  0 extracted, (2 MB/? MB)
2025-05-20T15:33:19.814-04:00  INFO 45702 --- [ream--401575570] tc.postgres:9.6.12                       : Pulling image layers:  3 pending, 11 downloaded,  0 extracted, (7 MB/? MB)
2025-05-20T15:33:20.814-04:00  INFO 45702 --- [ream--401575570] tc.postgres:9.6.12                       : Pulling image layers:  2 pending, 12 downloaded,  0 extracted, (18 MB/? MB)
2025-05-20T15:33:23.812-04:00  INFO 45702 --- [ream--401575570] tc.postgres:9.6.12                       : Pulling image layers:  1 pending, 13 downloaded,  0 extracted, (53 MB/? MB)
2025-05-20T15:33:25.565-04:00  INFO 45702 --- [ream--401575570] tc.postgres:9.6.12                       : Pulling image layers:  1 pending, 13 downloaded,  1 extracted, (73 MB/? MB)
2025-05-20T15:33:25.740-04:00  INFO 45702 --- [ream--401575570] tc.postgres:9.6.12                       : Pulling image layers:  1 pending, 13 downloaded,  2 extracted, (75 MB/? MB)
2025-05-20T15:33:25.786-04:00  INFO 45702 --- [ream--401575570] tc.postgres:9.6.12                       : Pulling image layers:  1 pending, 13 downloaded,  3 extracted, (75 MB/? MB)
2025-05-20T15:33:25.955-04:00  INFO 45702 --- [ream--401575570] tc.postgres:9.6.12                       : Pulling image layers:  1 pending, 13 downloaded,  4 extracted, (77 MB/? MB)
2025-05-20T15:33:26.020-04:00  INFO 45702 --- [ream--401575570] tc.postgres:9.6.12                       : Pulling image layers:  0 pending, 14 downloaded,  4 extracted, (77 MB/79 MB)
2025-05-20T15:33:26.356-04:00  INFO 45702 --- [ream--401575570] tc.postgres:9.6.12                       : Pulling image layers:  0 pending, 14 downloaded,  5 extracted, (77 MB/79 MB)
2025-05-20T15:33:26.422-04:00  INFO 45702 --- [ream--401575570] tc.postgres:9.6.12                       : Pulling image layers:  0 pending, 14 downloaded,  6 extracted, (77 MB/79 MB)
2025-05-20T15:33:26.431-04:00  INFO 45702 --- [ream--401575570] tc.postgres:9.6.12                       : Pulling image layers:  0 pending, 14 downloaded,  7 extracted, (77 MB/79 MB)
2025-05-20T15:33:26.448-04:00  INFO 45702 --- [ream--401575570] tc.postgres:9.6.12                       : Pulling image layers:  0 pending, 14 downloaded,  8 extracted, (77 MB/79 MB)
2025-05-20T15:33:28.616-04:00  INFO 45702 --- [ream--401575570] tc.postgres:9.6.12                       : Pulling image layers:  0 pending, 14 downloaded,  9 extracted, (77 MB/79 MB)
2025-05-20T15:33:28.620-04:00  INFO 45702 --- [ream--401575570] tc.postgres:9.6.12                       : Pulling image layers:  0 pending, 14 downloaded, 10 extracted, (77 MB/79 MB)
2025-05-20T15:33:28.627-04:00  INFO 45702 --- [ream--401575570] tc.postgres:9.6.12                       : Pulling image layers:  0 pending, 14 downloaded, 11 extracted, (77 MB/79 MB)
2025-05-20T15:33:28.632-04:00  INFO 45702 --- [ream--401575570] tc.postgres:9.6.12                       : Pulling image layers:  0 pending, 14 downloaded, 12 extracted, (77 MB/79 MB)
2025-05-20T15:33:28.638-04:00  INFO 45702 --- [ream--401575570] tc.postgres:9.6.12                       : Pulling image layers:  0 pending, 14 downloaded, 13 extracted, (77 MB/79 MB)
2025-05-20T15:33:28.669-04:00  INFO 45702 --- [ream--401575570] tc.postgres:9.6.12                       : Pulling image layers:  0 pending, 14 downloaded, 14 extracted, (77 MB/79 MB)
2025-05-20T15:33:28.704-04:00  INFO 45702 --- [           main] tc.postgres:9.6.12                       : Image postgres:9.6.12 pull took PT10.507195S
2025-05-20T15:33:28.704-04:00  INFO 45702 --- [ream--401575570] tc.postgres:9.6.12                       : Pull complete. 14 layers, pulled in 10s (downloaded 77 MB at 7 MB/s)
2025-05-20T15:33:28.907-04:00  INFO 45702 --- [           main] tc.postgres:9.6.12                       : Creating container for image: postgres:9.6.12
2025-05-20T15:33:29.585-04:00  INFO 45702 --- [           main] tc.postgres:9.6.12                       : Container postgres:9.6.12 is starting: 6ad8e5ee76ebaf9c27e9f86988f9d3c42c71b2bcc12a6777921f75cae9bee87c
2025-05-20T15:33:34.790-04:00  INFO 45702 --- [           main] tc.postgres:9.6.12                       : Container postgres:9.6.12 started in PT5.883186S
2025-05-20T15:33:34.791-04:00  INFO 45702 --- [           main] tc.postgres:9.6.12                       : Container is started (JDBC URL: jdbc:postgresql://localhost:62924/simple-api?loggerLevel=OFF)
2025-05-20T15:33:35.024-04:00  INFO 45702 --- [           main] com.zaxxer.hikari.pool.HikariPool        : HikariPool-1 - Added connection org.testcontainers.jdbc.ConnectionWrapper@502fce85
2025-05-20T15:33:35.028-04:00  INFO 45702 --- [           main] com.zaxxer.hikari.HikariDataSource       : HikariPool-1 - Start completed.
2025-05-20T15:33:35.189-04:00  INFO 45702 --- [           main] o.hibernate.jpa.internal.util.LogHelper  : HHH000204: Processing PersistenceUnitInfo [name: default]
2025-05-20T15:33:35.316-04:00  INFO 45702 --- [           main] org.hibernate.Version                    : HHH000412: Hibernate ORM core version 6.6.5.Final
2025-05-20T15:33:35.390-04:00  INFO 45702 --- [           main] o.h.c.internal.RegionFactoryInitiator    : HHH000026: Second-level cache disabled
2025-05-20T15:33:36.151-04:00  INFO 45702 --- [           main] o.s.o.j.p.SpringPersistenceUnitInfo      : No LoadTimeWeaver setup: ignoring JPA class transformer
2025-05-20T15:33:36.301-04:00  WARN 45702 --- [           main] org.hibernate.dialect.Dialect            : HHH000511: The 9.6.12 version for [org.hibernate.dialect.PostgreSQLDialect] is no longer supported, hence certain features may not work properly. The minimum supported version is 12.0.0. Check the community dialects project for available legacy versions.
2025-05-20T15:33:36.334-04:00  INFO 45702 --- [           main] org.hibernate.orm.connections.pooling    : HHH10001005: Database info:
	Database JDBC URL [Connecting through datasource 'HikariDataSource (HikariPool-1)']
	Database driver: undefined/unknown
	Database version: 9.6.12
	Autocommit mode: undefined/unknown
	Isolation level: undefined/unknown
	Minimum pool size: undefined/unknown
	Maximum pool size: undefined/unknown
2025-05-20T15:33:37.731-04:00  INFO 45702 --- [           main] o.h.e.t.j.p.i.JtaPlatformInitiator       : HHH000489: No JTA platform available (set 'hibernate.transaction.jta.platform' to enable JTA platform integration)
2025-05-20T15:33:37.734-04:00  INFO 45702 --- [           main] j.LocalContainerEntityManagerFactoryBean : Initialized JPA EntityManagerFactory for persistence unit 'default'
2025-05-20T15:33:38.640-04:00  WARN 45702 --- [           main] JpaBaseConfiguration$JpaWebConfiguration : spring.jpa.open-in-view is enabled by default. Therefore, database queries may be performed during view rendering. Explicitly configure spring.jpa.open-in-view to disable this warning
2025-05-20T15:33:38.750-04:00  INFO 45702 --- [           main] o.s.v.b.OptionalValidatorFactoryBean     : Failed to set up a Bean Validation provider: jakarta.validation.NoProviderFoundException: Unable to create a Configuration, because no Jakarta Validation provider could be found. Add a provider like Hibernate Validator (RI) to your classpath.
2025-05-20T15:33:39.949-04:00  INFO 45702 --- [           main] o.s.b.t.m.w.SpringBootMockServletContext : Initializing Spring TestDispatcherServlet ''
2025-05-20T15:33:39.950-04:00  INFO 45702 --- [           main] o.s.t.web.servlet.TestDispatcherServlet  : Initializing Servlet ''
2025-05-20T15:33:39.971-04:00  INFO 45702 --- [           main] o.s.b.a.e.web.EndpointLinksResolver      : Exposing 1 endpoint beneath base path '/actuator'
2025-05-20T15:33:39.998-04:00  INFO 45702 --- [           main] o.s.t.web.servlet.TestDispatcherServlet  : Completed initialization in 47 ms
2025-05-20T15:33:40.162-04:00  INFO 45702 --- [           main] f.t.t.s.IT.DepartmentControllerTestIT    : Started DepartmentControllerTestIT in 32.811 seconds (process running for 35.261)
]]></system-out>
    <system-err><![CDATA[Mockito is currently self-attaching to enable the inline-mock-maker. This will no longer work in future releases of the JDK. Please add Mockito as an agent to your build what is described in Mockito's documentation: https://javadoc.io/doc/org.mockito/mockito-core/latest/org/mockito/Mockito.html#0.3
WARNING: A Java agent has been loaded dynamically (/Users/Jochy/.m2/repository/net/bytebuddy/byte-buddy-agent/1.15.11/byte-buddy-agent-1.15.11.jar)
WARNING: If a serviceability tool is in use, please run with -XX:+EnableDynamicAgentLoading to hide this warning
WARNING: If a serviceability tool is not in use, please run with -Djdk.instrument.traceUsage for more information
WARNING: Dynamic loading of agents will be disallowed by default in a future release
]]></system-err>
  </testcase>
  <testcase name="testGetDepartmentCountByName" classname="fr.takima.training.sampleapplication.IT.DepartmentControllerTestIT" time="0.057"/>
  <testcase name="testGetNonExistingDepartmentStudentsByName" classname="fr.takima.training.sampleapplication.IT.DepartmentControllerTestIT" time="0.042"/>
  <testcase name="testGetNonExistingDepartmentCountsByName" classname="fr.takima.training.sampleapplication.IT.DepartmentControllerTestIT" time="0.043"/>
  <testcase name="testGetNonExistingDepartmentByName" classname="fr.takima.training.sampleapplication.IT.DepartmentControllerTestIT" time="0.041"/>
  <testcase name="testGetDepartmentByName" classname="fr.takima.training.sampleapplication.IT.DepartmentControllerTestIT" time="0.042"/>
</testsuite>